
Model name: triq_conv2D_all_distribution

Train start: 04/11/2023 20:02:03

Model name: triq_conv2D_all_distribution

Train start: 04/11/2023 20:05:27

Model name: triq_conv2D_all_distribution

Train start: 04/11/2023 20:08:04

Model name: triq_conv2D_all_distribution

Train start: 04/11/2023 20:11:38

Model name: triq_conv2D_all_distribution

Train start: 04/11/2023 20:20:51

Model name: triq_conv2D_all_distribution

Train start: 04/11/2023 20:21:56

Model name: triq_conv2D_all_distribution

Train start: 05/11/2023 01:07:12

Model name: triq_conv2D_all_distribution

Train start: 05/11/2023 01:07:37

Model name: triq_conv2D_all_distribution

Train start: 05/11/2023 01:08:03

Model name: triq_conv2D_all_distribution

Train start: 05/11/2023 01:08:59

Model name: triq_conv2D_all_distribution

Train start: 05/11/2023 13:49:21

Model name: triq_conv2D_all_distribution

Train start: 05/11/2023 14:03:51

Model name: triq_conv2D_all_distribution

Train start: 05/11/2023 14:11:21

Model name: triq_conv2D_all_distribution

Train start: 05/11/2023 17:53:03

Model name: triq_conv2D_all_distribution

Train start: 05/11/2023 17:55:57

Model name: triq_conv2D_all_distribution

Train start: 05/11/2023 18:00:49
0;1.5384;-0.1476;0.7099;-0.2220;1.4283
1;1.4667;0.0859;0.7077;0.0746;1.3999
2;1.4581;0.1666;0.7416;0.1341;1.4637
3;1.4489;-0.1257;0.6967;-0.1070;1.4153
4;1.4567;-0.0811;0.7293;-0.2677;1.4277
5;1.4662;-0.0029;0.7012;0.1758;1.4011
6;1.4494;-0.0729;0.7328;-0.1136;1.4349
7;1.4755;-0.0363;0.7215;-0.1169;1.4212
8;1.4557;-0.2257;0.7013;-0.2865;1.4158
9;1.4579;-0.1246;0.6965;-0.1028;1.3997

Model name: triq_conv2D_all_distribution

Train start: 05/11/2023 20:33:20
0;1.4639;0.0483;0.7416;0.0966;1.4641
1;1.4617;0.0169;0.7419;-0.0281;1.4651
2;1.4598;-0.2014;0.7428;-0.2952;1.4615
3;1.4677;-0.3382;0.7408;-0.3341;1.4432
4;1.4594;-0.2411;0.7340;-0.1260;1.4300
5;1.4609;-0.1699;0.7319;-0.0663;1.4292
6;1.4637;-0.1720;0.7317;-0.0992;1.4289
7;1.4599;-0.2003;0.7320;-0.0627;1.4291
8;1.4630;-0.2356;0.7325;-0.0917;1.4294
9;1.4628;-0.2518;0.7329;-0.0007;1.4295

Model name: triq_conv2D_all_distribution

Train start: 07/11/2023 21:56:47
0;1.6275;0.1858;0.7582;0.2085;1.5125
1;1.5097;-0.2820;0.7118;-0.2652;1.4248
2;1.4807;-0.2554;0.7063;-0.2290;1.3997
3;1.4864;-0.1391;0.7054;-0.1508;1.4285
4;1.4860;-0.1147;0.6965;-0.1087;1.4533
5;1.4785;-0.1746;0.7022;-0.1817;1.4346
6;1.4707;-0.1860;0.7175;-0.2090;1.4161
7;1.4621;0.0438;0.7149;0.0584;1.4624
8;1.4712;0.1540;0.7002;0.1657;1.4163
9;1.4984;0.0953;0.6974;0.0912;1.3953

Model name: triq_conv2D_all_distribution

Train start: 08/11/2023 14:49:27

Model name: triq_conv2D_all_distribution

Train start: 08/11/2023 14:51:25

Model name: triq_conv2D_all_distribution

Train start: 08/11/2023 14:59:32
0;1.5111;0.4232;0.7633;0.4606;1.4741
1;1.4641;0.3411;0.7643;0.3128;1.4834
2;1.4608;0.4357;0.7779;0.4144;1.5313
3;1.4298;0.2903;0.7488;0.2887;1.4946
4;1.4890;0.4204;0.7456;0.3764;1.4359
5;1.4498;0.3480;0.7359;0.3360;1.4698
6;1.4313;0.1822;0.7307;0.1412;1.4174
7;1.4463;0.1676;0.7232;0.3544;1.4592
8;1.4523;0.1578;0.6817;0.1809;1.4305
9;1.4508;0.1126;0.7413;0.0582;1.4119

Model name: triq_conv2D_all_distribution

Train start: 09/11/2023 12:40:10
0;1.5021;0.1287;0.7865;0.0777;1.4623

Model name: triq_conv2D_all_distribution

Train start: 20/11/2023 02:53:39
